<?xml version="1.0" encoding="UTF-8" ?>
<testsuite errors="0" failures="0" hostname="andy-inspiron" name="com.socialapp.services.test.SocialappServicesTest" skipped="0" tests="1" time="1.204" timestamp="2015-06-28T19:35:19">
  <properties>
    <property name="java.vendor" value="Oracle Corporation" />
    <property name="env.SESSION_MANAGER" value="local/andy-inspiron:@/tmp/.ICE-unix/1765,unix/andy-inspiron:/tmp/.ICE-unix/1765" />
    <property name="env.IM_CONFIG_PHASE" value="1" />
    <property name="env.LESSOPEN" value="| /usr/bin/lesspipe %s" />
    <property name="sun.java.launcher" value="SUN_STANDARD" />
    <property name="env.QT_IM_MODULE" value="ibus" />
    <property name="sun.management.compiler" value="HotSpot Tiered Compilers" />
    <property name="ant.file.type.com.socialapp.services.test" value="file" />
    <property name="os.name" value="Linux" />
    <property name="env.UPSTART_SESSION" value="unix:abstract=/com/ubuntu/upstart-session/1000/1599" />
    <property name="sun.boot.class.path" value="/usr/java/jdk1.7.0_79/jre/lib/resources.jar:/usr/java/jdk1.7.0_79/jre/lib/rt.jar:/usr/java/jdk1.7.0_79/jre/lib/sunrsasign.jar:/usr/java/jdk1.7.0_79/jre/lib/jsse.jar:/usr/java/jdk1.7.0_79/jre/lib/jce.jar:/usr/java/jdk1.7.0_79/jre/lib/charsets.jar:/usr/java/jdk1.7.0_79/jre/lib/jfr.jar:/usr/java/jdk1.7.0_79/jre/classes" />
    <property name="env.PWD" value="/home/andy/git/socialapp-services" />
    <property name="sun.desktop" value="gnome" />
    <property name="env.LANG" value="de_DE.UTF-8" />
    <property name="java.vm.specification.vendor" value="Oracle Corporation" />
    <property name="env.XDG_MENU_PREFIX" value="gnome-" />
    <property name="ant.home" value="/usr/share/ant" />
    <property name="java.runtime.version" value="1.7.0_79-b15" />
    <property name="env.GTK_IM_MODULE" value="ibus" />
    <property name="env.DEFAULTS_PATH" value="/usr/share/gconf/ubuntu.default.path" />
    <property name="env.XDG_VTNR" value="7" />
    <property name="env.DISPLAY" value=":0" />
    <property name="user.name" value="andy" />
    <property name="env.QT4_IM_MODULE" value="xim" />
    <property name="env.ANDROID_EMULATOR_FORCE_32BIT" value="true" />
    <property name="env._" value="/usr/bin/ant" />
    <property name="env.USER" value="andy" />
    <property name="env.SHELL" value="/bin/bash" />
    <property name="env.DESKTOP_SESSION" value="ubuntu" />
    <property name="env.XDG_DATA_DIRS" value="/usr/share/ubuntu:/usr/share/gnome:/usr/local/share/:/usr/share/" />
    <property name="env.NLSPATH" value="/usr/dt/lib/nls/msg/%L/%N.cat" />
    <property name="ant.file.com.socialapp.services.test" value="/home/andy/git/socialapp-services/build.xml" />
    <property name="env.PATH" value="/home/andy/bin:/usr/local/sbin:/usr/local/bin:/usr/sbin:/usr/bin:/sbin:/bin:/usr/games:/usr/local/games" />
    <property name="env.XDG_CURRENT_DESKTOP" value="Unity" />
    <property name="user.language" value="de" />
    <property name="sun.boot.library.path" value="/usr/java/jdk1.7.0_79/jre/lib/i386" />
    <property name="env.TEXTDOMAIN" value="im-config" />
    <property name="ant.project.default-target" value="test" />
    <property name="env.SELINUX_INIT" value="YES" />
    <property name="ant.project.name" value="com.socialapp.services.test" />
    <property name="java.version" value="1.7.0_79" />
    <property name="user.timezone" value="" />
    <property name="env.DBUS_SESSION_BUS_ADDRESS" value="unix:abstract=/tmp/dbus-ZEgJID9cCz" />
    <property name="sun.arch.data.model" value="32" />
    <property name="env.COMPIZ_CONFIG_PROFILE" value="ubuntu" />
    <property name="java.endorsed.dirs" value="/usr/java/jdk1.7.0_79/jre/lib/endorsed" />
    <property name="sun.cpu.isalist" value="" />
    <property name="sun.jnu.encoding" value="UTF-8" />
    <property name="file.encoding.pkg" value="sun.io" />
    <property name="env.SHLVL" value="1" />
    <property name="file.separator" value="/" />
    <property name="java.specification.name" value="Java Platform API Specification" />
    <property name="env.GNOME_DESKTOP_SESSION_ID" value="this-is-deprecated" />
    <property name="java.class.version" value="51.0" />
    <property name="env.GDMSESSION" value="ubuntu" />
    <property name="user.country" value="DE" />
    <property name="env.GNOME_KEYRING_PID" value="1597" />
    <property name="java.home" value="/usr/java/jdk1.7.0_79/jre" />
    <property name="java.vm.info" value="mixed mode" />
    <property name="env.LOGNAME" value="andy" />
    <property name="ant.file" value="/home/andy/git/socialapp-services/build.xml" />
    <property name="os.version" value="3.13.0-52-generic" />
    <property name="path.separator" value=":" />
    <property name="java.vm.version" value="24.79-b02" />
    <property name="env.LANGUAGE" value="de_DE" />
    <property name="env.TEXTDOMAINDIR" value="/usr/share/locale/" />
    <property name="ant.library.dir" value="/usr/share/ant/lib" />
    <property name="env.XDG_SESSION_PATH" value="/org/freedesktop/DisplayManager/Session0" />
    <property name="junit.output.dir" value="junit" />
    <property name="env.QT_QPA_PLATFORMTHEME" value="appmenu-qt5" />
    <property name="env.JAVA_HOME" value="/usr/java/jdk1.7.0_79" />
    <property name="env.SESSIONTYPE" value="gnome-session" />
    <property name="env.TERM" value="xterm" />
    <property name="java.awt.printerjob" value="sun.print.PSPrinterJob" />
    <property name="sun.io.unicode.encoding" value="UnicodeLittle" />
    <property name="awt.toolkit" value="sun.awt.X11.XToolkit" />
    <property name="env.XMODIFIERS" value="@im=ibus" />
    <property name="env.GDM_LANG" value="de_DE" />
    <property name="target" value="1.7" />
    <property name="user.home" value="/home/andy" />
    <property name="env.JOB" value="dbus" />
    <property name="env.OLDPWD" value="/home/andy/git" />
    <property name="java.specification.vendor" value="Oracle Corporation" />
    <property name="env.VTE_VERSION" value="3409" />
    <property name="env.WINDOWID" value="14680075" />
    <property name="java.vendor.url" value="http://java.oracle.com/" />
    <property name="java.library.path" value="/usr/java/packages/lib/i386:/lib:/usr/lib" />
    <property name="java.vm.vendor" value="Oracle Corporation" />
    <property name="env.XDG_SEAT" value="seat0" />
    <property name="java.runtime.name" value="Java(TM) SE Runtime Environment" />
    <property name="ant.version" value="Apache Ant(TM) version 1.9.3 compiled on April 8 2014" />
    <property name="sun.java.command" value="org.apache.tools.ant.taskdefs.optional.junit.JUnitTestRunner com.socialapp.services.test.SocialappServicesTest skipNonTests=false filtertrace=true haltOnError=false haltOnFailure=false formatter=org.apache.tools.ant.taskdefs.optional.junit.OutErrSummaryJUnitResultFormatter showoutput=false outputtoformatters=true logfailedtests=true logtestlistenerevents=false formatter=org.apache.tools.ant.taskdefs.optional.junit.XMLJUnitResultFormatter,/home/andy/git/socialapp-services/junit/TEST-com.socialapp.services.test.SocialappServicesTest.xml crashfile=/home/andy/git/socialapp-services/junitvmwatcher8918766818654020560.properties propsfile=/home/andy/git/socialapp-services/junit7871440193928538964.properties" />
    <property name="java.class.path" value="/home/andy/git/socialapp-services/com.socialapp.services/libs/commons-lang3-3.1.jar:/home/andy/git/socialapp-services/com.socialapp.services/libs/jsoup-1.7.2.jar:/home/andy/git/socialapp-services/com.socialapp.services/libs/guava-14.0.1.jar:/home/andy/git/socialapp-services/com.socialapp.services/libs/togglz-core-2.0.0.Final.jar:/home/andy/git/socialapp-services/com.socialapp.services.test/libs/junit.jar:/home/andy/git/socialapp-services/com.socialapp.services.test/libs/org.hamcrest.core_1.1.0.v20090501071000.jar:/home/andy/git/socialapp-services/com.socialapp.services.test/libs/commons-logging-1.2.jar:/home/andy/git/socialapp-services/com.socialapp.services.test/libs/httpclient-4.5.jar:/home/andy/git/socialapp-services/com.socialapp.services.test/libs/httpcore-4.4.1.jar:/home/andy/git/socialapp-services/bin/socialapp-services.jar:/home/andy/git/socialapp-services/com.socialapp.services.test/bin:/usr/share/ant/lib/junit.jar:/usr/share/java/ant-launcher-1.9.3.jar:/usr/share/ant/lib/ant.jar:/usr/share/ant/lib/ant-junit.jar:/usr/share/ant/lib/ant-junit4.jar" />
    <property name="env.XDG_SESSION_ID" value="c2" />
    <property name="env.XFILESEARCHPATH" value="/usr/dt/app-defaults/%L/Dt" />
    <property name="java.vm.specification.name" value="Java Virtual Machine Specification" />
    <property name="ant.file.type" value="file" />
    <property name="java.vm.specification.version" value="1.7" />
    <property name="sun.os.patch.level" value="unknown" />
    <property name="sun.cpu.endian" value="little" />
    <property name="debuglevel" value="source,lines,vars" />
    <property name="env.HOME" value="/home/andy" />
    <property name="java.io.tmpdir" value="/tmp" />
    <property name="env.XDG_SEAT_PATH" value="/org/freedesktop/DisplayManager/Seat0" />
    <property name="env.LS_COLORS" value="rs=0:di=01;34:ln=01;36:mh=00:pi=40;33:so=01;35:do=01;35:bd=40;33;01:cd=40;33;01:or=40;31;01:su=37;41:sg=30;43:ca=30;41:tw=30;42:ow=34;42:st=37;44:ex=01;32:*.tar=01;31:*.tgz=01;31:*.arj=01;31:*.taz=01;31:*.lzh=01;31:*.lzma=01;31:*.tlz=01;31:*.txz=01;31:*.zip=01;31:*.z=01;31:*.Z=01;31:*.dz=01;31:*.gz=01;31:*.lz=01;31:*.xz=01;31:*.bz2=01;31:*.bz=01;31:*.tbz=01;31:*.tbz2=01;31:*.tz=01;31:*.deb=01;31:*.rpm=01;31:*.jar=01;31:*.war=01;31:*.ear=01;31:*.sar=01;31:*.rar=01;31:*.ace=01;31:*.zoo=01;31:*.cpio=01;31:*.7z=01;31:*.rz=01;31:*.jpg=01;35:*.jpeg=01;35:*.gif=01;35:*.bmp=01;35:*.pbm=01;35:*.pgm=01;35:*.ppm=01;35:*.tga=01;35:*.xbm=01;35:*.xpm=01;35:*.tif=01;35:*.tiff=01;35:*.png=01;35:*.svg=01;35:*.svgz=01;35:*.mng=01;35:*.pcx=01;35:*.mov=01;35:*.mpg=01;35:*.mpeg=01;35:*.m2v=01;35:*.mkv=01;35:*.webm=01;35:*.ogm=01;35:*.mp4=01;35:*.m4v=01;35:*.mp4v=01;35:*.vob=01;35:*.qt=01;35:*.nuv=01;35:*.wmv=01;35:*.asf=01;35:*.rm=01;35:*.rmvb=01;35:*.flc=01;35:*.avi=01;35:*.fli=01;35:*.flv=01;35:*.gl=01;35:*.dl=01;35:*.xcf=01;35:*.xwd=01;35:*.yuv=01;35:*.cgm=01;35:*.emf=01;35:*.axv=01;35:*.anx=01;35:*.ogv=01;35:*.ogx=01;35:*.aac=00;36:*.au=00;36:*.flac=00;36:*.mid=00;36:*.midi=00;36:*.mka=00;36:*.mp3=00;36:*.mpc=00;36:*.ogg=00;36:*.ra=00;36:*.wav=00;36:*.axa=00;36:*.oga=00;36:*.spx=00;36:*.xspf=00;36:" />
    <property name="java.vendor.url.bug" value="http://bugreport.sun.com/bugreport/" />
    <property name="env.SSH_AUTH_SOCK" value="/run/user/1000/keyring-sJYozk/ssh" />
    <property name="env.CLUTTER_IM_MODULE" value="xim" />
    <property name="java.awt.graphicsenv" value="sun.awt.X11GraphicsEnvironment" />
    <property name="os.arch" value="i386" />
    <property name="env.INSTANCE" value="" />
    <property name="env.XDG_RUNTIME_DIR" value="/run/user/1000" />
    <property name="java.ext.dirs" value="/usr/java/jdk1.7.0_79/jre/lib/ext:/usr/java/packages/lib/ext" />
    <property name="user.dir" value="/home/andy/git/socialapp-services" />
    <property name="env.XAUTHORITY" value="/home/andy/.Xauthority" />
    <property name="env.SESSION" value="ubuntu" />
    <property name="env.MANDATORY_PATH" value="/usr/share/gconf/ubuntu.mandatory.path" />
    <property name="env.GTK_MODULES" value="overlay-scrollbar:unity-gtk-module" />
    <property name="line.separator" value="&#xa;" />
    <property name="java.vm.name" value="Java HotSpot(TM) Server VM" />
    <property name="env.COLORTERM" value="gnome-terminal" />
    <property name="env.XDG_GREETER_DATA_DIR" value="/var/lib/lightdm-data/andy" />
    <property name="basedir" value="/home/andy/git/socialapp-services" />
    <property name="ant.java.version" value="1.7" />
    <property name="ant.core.lib" value="/usr/share/ant/lib/ant.jar" />
    <property name="source" value="1.7" />
    <property name="file.encoding" value="UTF-8" />
    <property name="env.COMPIZ_BIN_PATH" value="/usr/bin/" />
    <property name="env.GPG_AGENT_INFO" value="/run/user/1000/keyring-sJYozk/gpg:0:1" />
    <property name="java.specification.version" value="1.7" />
    <property name="env.GNOME_KEYRING_CONTROL" value="/run/user/1000/keyring-sJYozk" />
    <property name="ant.project.invoked-targets" value="test" />
    <property name="env.XDG_CONFIG_DIRS" value="/etc/xdg/xdg-ubuntu:/usr/share/upstart/xdg:/etc/xdg" />
    <property name="env.LESSCLOSE" value="/usr/bin/lesspipe %s %s" />
  </properties>
  <testcase classname="com.socialapp.services.test.SocialappServicesTest" name="testResponseIsNotNull" time="1.028" />
  <system-out><![CDATA[SocialappServicesTest.testResponseIsNotNull(): <!doctype html><html itemscope="" itemtype="http://schema.org/WebPage" lang="de"><head><meta content="/images/google_favicon_128.png" itemprop="image"><title>Google</title><script>(function(){window.google={kEI:'eEyQVYODDYqdsgGs6oHQAQ',kEXPI:'3700321,4017578,4026240,4029815,4032235,4032426,4032500,4032678,4033307,4033344,4034631,4034884,4036363,4036366,4036425,4036471,4036486,4036848,4037333,4037395,4037457,4037491,4037668,4037855,4037920,4037960,4037984,4038216,4038584,4039130,4039263,4039280,4039382,4039386,4039703,4039879,4040028,4040117,8300095,8500394,8500572,8501247,8501295,8501407,8501489,10200083,10201102',authuser:0,kscs:'c9c918f0_10'};google.kHL='de';})();(function(){google.lc=[];google.li=0;google.getEI=function(a){for(var b;a&&(!a.getAttribute||!(b=a.getAttribute("eid")));)a=a.parentNode;return b||google.kEI};google.getLEI=function(a){for(var b=null;a&&(!a.getAttribute||!(b=a.getAttribute("leid")));)a=a.parentNode;return b};google.https=function(){return"https:"==window.location.protocol};google.ml=function(){return null};google.time=function(){return(new Date).getTime()};google.log=function(a,b,d,e,g){a=google.logUrl(a,b,d,e,g);if(""!=a){b=new Image;var c=google.lc,f=google.li;c[f]=b;b.onerror=b.onload=b.onabort=function(){delete c[f]};window.google&&window.google.vel&&window.google.vel.lu&&window.google.vel.lu(a);b.src=a;google.li=f+1}};google.logUrl=function(a,b,d,e,g){var c="",f=google.ls||"";if(!d&&-1==b.search("&ei=")){var h=google.getEI(e),c="&ei="+h;-1==b.search("&lei=")&&((e=google.getLEI(e))?c+="&lei="+e:h!=google.kEI&&(c+="&lei="+google.kEI))}a=d||"/"+(g||"gen_204")+"?atyp=i&ct="+a+"&cad="+b+c+f+"&zx="+google.time();/^http:/i.test(a)&&google.https()&&(google.ml(Error("a"),!1,{src:a,glmm:1}),a="");return a};google.y={};google.x=function(a,b){google.y[a.id]=[a,b];return!1};google.load=function(a,b,d){google.x({id:a+k++},function(){google.load(a,b,d)})};var k=0;})();google.kCSI={};var _gjwl=location;function _gjuc(){var a=_gjwl.href.indexOf("#");if(0<=a&&(a=_gjwl.href.substring(a),0<a.indexOf("&q=")||0<=a.indexOf("#q="))&&(a=a.substring(1),-1==a.indexOf("#"))){for(var d=0;d<a.length;){var b=d;"&"==a.charAt(b)&&++b;var c=a.indexOf("&",b);-1==c&&(c=a.length);b=a.substring(b,c);if(0==b.indexOf("fp="))a=a.substring(0,d)+a.substring(c,a.length),c=d;else if("cad=h"==b)return 0;d=c}_gjwl.href="/search?"+a+"&cad=h";return 1}return 0}
function _gjh(){!_gjuc()&&window.google&&google.x&&google.x({id:"GJH"},function(){google.nav&&google.nav.gjh&&google.nav.gjh()})};window._gjh&&_gjh();</script><style>#gbar,#guser{font-size:13px;padding-top:1px !important;}#gbar{height:22px}#guser{padding-bottom:7px !important;text-align:right}.gbh,.gbd{border-top:1px solid #c9d7f1;font-size:1px}.gbh{height:0;position:absolute;top:24px;width:100%}@media all{.gb1{height:22px;margin-right:.5em;vertical-align:top}#gbar{float:left}}a.gb1,a.gb4{text-decoration:underline !important}a.gb1,a.gb4{color:#00c !important}.gbi .gb4{color:#dd8e27 !important}.gbf .gb4{color:#900 !important}</style><style>body,td,a,p,.h{font-family:arial,sans-serif}body{margin:0;overflow-y:scroll}#gog{padding:3px 8px 0}td{line-height:.8em}.gac_m td{line-height:17px}form{margin-bottom:20px}.h{color:#36c}.q{color:#00c}.ts td{padding:0}.ts{border-collapse:collapse}em{font-weight:bold;font-style:normal}.lst{height:25px;width:496px}.gsfi,.lst{font:18px arial,sans-serif}.gsfs{font:17px arial,sans-serif}.ds{display:inline-box;display:inline-block;margin:3px 0 4px;margin-left:4px}input{font-family:inherit}a.gb1,a.gb2,a.gb3,a.gb4{color:#11c !important}body{background:#fff;color:black}a{color:#11c;text-decoration:none}a:hover,a:active{text-decoration:underline}.fl a{color:#36c}a:visited{color:#551a8b}a.gb1,a.gb4{text-decoration:underline}a.gb3:hover{text-decoration:none}#ghead a.gb2:hover{color:#fff !important}.sblc{padding-top:5px}.sblc a{display:block;margin:2px 0;margin-left:13px;font-size:11px}.lsbb{background:#eee;border:solid 1px;border-color:#ccc #999 #999 #ccc;height:30px}.lsbb{display:block}.ftl,#fll a{display:inline-block;margin:0 12px}.lsb{background:url(/images/srpr/nav_logo80.png) 0 -258px repeat-x;border:none;color:#000;cursor:pointer;height:30px;margin:0;outline:0;font:15px arial,sans-serif;vertical-align:top}.lsb:active{background:#ccc}.lst:focus{outline:none}</style><script></script></head><body bgcolor="#fff"><script>(function(){var src='/images/nav_logo199.png';var iesg=false;document.body.onload = function(){window.n && window.n();if (document.images){new Image().src=src;}
if (!iesg){document.f&&document.f.q.focus();document.gbqf&&document.gbqf.q.focus();}
}
})();</script><div id="mngb">    <div id=gbar><nobr><b class=gb1>Suche</b> <a class=gb1 href="http://www.google.de/imghp?hl=de&tab=wi">Bilder</a> <a class=gb1 href="http://maps.google.de/maps?hl=de&tab=wl">Maps</a> <a class=gb1 href="https://play.google.com/?hl=de&tab=w8">Play</a> <a class=gb1 href="http://www.youtube.com/?gl=DE&tab=w1">YouTube</a> <a class=gb1 href="http://news.google.de/nwshp?hl=de&tab=wn">News</a> <a class=gb1 href="https://mail.google.com/mail/?tab=wm">Gmail</a> <a class=gb1 href="https://drive.google.com/?tab=wo">Drive</a> <a class=gb1 style="text-decoration:none" href="http://www.google.de/intl/de/options/"><u>Mehr</u> &raquo;</a></nobr></div><div id=guser width=100%><nobr><span id=gbn class=gbi></span><span id=gbf class=gbf></span><span id=gbe></span><a href="http://www.google.de/history/optout?hl=de" class=gb4>Webprotokoll</a> | <a  href="/preferences?hl=de" class=gb4>Einstellungen</a> | <a target=_top id=gb_70 href="https://accounts.google.com/ServiceLogin?hl=de&continue=http://www.google.de/%3Fgfe_rd%3Dcr%26ei%3DeEyQVYKJB4Wm8we904HgCg" class=gb4>Anmelden</a></nobr></div><div class=gbh style=left:0></div><div class=gbh style=right:0></div>    </div><center><span id="prt" style="display:block"> <div><style>.pmoabs{background-color:#fff;border:1px solid #E5E5E5;color:#666;font-size:13px;padding-bottom:20px;position:absolute;right:2px;top:3px;z-index:986}#pmolnk{border-radius:2px;-moz-border-radius:2px;-webkit-border-radius:2px}.kd-button-submit{border:1px solid #3079ed;background-color:#4d90fe;background-image:-webkit-gradient(linear,left top,left bottom,from(#4d90fe),to(#4787ed));background-image:-webkit-linear-gradient(top,#4d90fe,#4787ed);background-image:-moz-linear-gradient(top,#4d90fe,#4787ed);background-image:-ms-linear-gradient(top,#4d90fe,#4787ed);background-image:-o-linear-gradient(top,#4d90fe,#4787ed);background-image:linear-gradient(top,#4d90fe,#4787ed);filter:progid:DXImageTransform.Microsoft.gradient(startColorStr='#4d90fe',EndColorStr='#4787ed')}.kd-button-submit:hover{border:1px solid #2f5bb7;background-color:#357ae8;background-image:-webkit-gradient(linear,left top,left bottom,from(#4d90fe),to(#357ae8));background-image:-webkit-linear-gradient(top,#4d90fe,#357ae8);background-image:-moz-linear-gradient(top,#4d90fe,#357ae8);background-image:-ms-linear-gradient(top,#4d90fe,#357ae8);background-image:-o-linear-gradient(top,#4d90fe,#357ae8);background-image:linear-gradient(top,#4d90fe,#357ae8);filter:progid:DXImageTransform.Microsoft.gradient(startColorStr='#4d90fe',EndColorStr='#357ae8')}.kd-button-submit:active{-webkit-box-shadow:inset 0 1px 2px rgba(0,0,0,0.3);-moz-box-shadow:inset 0 1px 2px rgba(0,0,0,0.3);box-shadow:inset 0 1px 2px rgba(0,0,0,0.3)}#pmolnk a{color:#fff;display:inline-block;font-weight:bold;padding:5px 20px;text-decoration:none;white-space:nowrap}.xbtn{color:#999;cursor:pointer;font-size:23px;line-height:5px;padding-top:5px}.padi{padding:0 8px 0 10px}.padt{padding:5px 20px 0 0;color:#444}.pads{text-align:left;max-width:200px}</style> <div class="pmoabs" id="pmocntr2" style="behavior:url(#default#userdata);display:none"> <table border="0"> <tr> <td colspan="2"> <div class="xbtn" onclick="google.promos&&google.promos.toast&& google.promos.toast.cpc()" style="float:right">&times;</div> </td> </tr> <tr> <td class="padi" rowspan="2"> <img src="/images/icons/product/chrome-48.png"> </td> <td class="pads">Schneller im Internet unterwegs</td> </tr> <tr> <td class="padt"> <div class="kd-button-submit" id="pmolnk"> <a href="/chrome/index.html?hl=de&amp;brand=CHNG&amp;utm_source=de-hpp&amp;utm_medium=hpp&amp;utm_campaign=de" onclick="google.promos&&google.promos.toast&& google.promos.toast.cl()">Installieren Sie Google Chrome</a> </div> </td> </tr> </table> </div> <script type="text/javascript">(function(){var a={s:{}};a.s.va=50;a.s.ra=10;a.s.aa="body";a.s.Ra=!0;a.s.Ua=function(b,c){var d=a.s.Ha();a.s.Ja(d,b,c);a.s.Va(d);a.s.Ra&&a.s.Sa(d)};a.s.Va=function(b){(b=a.s.ca(b))&&0<b.forms.length&&b.forms[0].submit()};a.s.Ha=function(){var b=document.createElement("iframe");b.height=0;b.width=0;b.style.overflow="hidden";b.style.top=b.style.left="-100px";b.style.position="absolute";document.body.appendChild(b);return b};a.s.ca=function(b){return b.contentDocument||b.contentWindow.document};a.s.Ja=function(b,c,d){b=a.s.ca(b);b.open();d=["<",a.s.aa,'><form method=POST action="',d,'">'];for(var e in c)c.hasOwnProperty(e)&&d.push('<textarea name="',e,'">',c[e],"</textarea>");d.push("</form></",a.s.aa,">");b.write(d.join(""));b.close()};a.s.ea=function(b,c){c>a.s.ra?google&&google.ml&&google.ml(Error("ogcdr"),!1,{cause:"timeout"}):b.contentWindow?a.s.Ta(b):window.setTimeout(function(){a.s.ea(b,c+1)},a.s.va)};a.s.Ta=function(b){document.body.removeChild(b)};a.s.Sa=function(b){a.s.Fa(b,"load",function(){a.s.ea(b,0)})};a.s.Fa=function(b,c,d){b.addEventListener?b.addEventListener(c,d,!1):b.attachEvent&&b.attachEvent("on"+c,d)};var m={Ya:0,G:1,H:2,M:5};a.o={};a.o.O={na:"i",L:"d",pa:"l"};a.o.C={P:"0",I:"1"};a.o.R={N:1,L:2,K:3};a.o.B={ha:"a",la:"g",F:"c",Ba:"u",Aa:"t",P:"p",ta:"pid",ja:"eid",Ca:"at"};a.o.oa=window.location.protocol+"//www.google.com/_/og/promos/";a.o.ka="g";a.o.Da="z";a.o.V=function(b,c,d,e){var f=null;switch(c){case m.G:f=window.gbar.up.gpd(b,d,!0);break;case m.M:f=window.gbar.up.gcc(e)}return null==f?0:parseInt(f,10)};a.o.Na=function(b,c,d){return c==m.G?null!=window.gbar.up.gpd(b,d,!0):!1};a.o.S=function(b,c,d,e,f,h,k,l){var g={};g[a.o.B.P]=b;g[a.o.B.la]=c;g[a.o.B.ha]=d;g[a.o.B.Ca]=e;g[a.o.B.ja]=f;g[a.o.B.ta]=1;k&&(g[a.o.B.F]=k);l&&(g[a.o.B.Ba]=l);if(h)g[a.o.B.Aa]=h;else return google.ml(Error("knu"),!1,{cause:"Token is not found"}),null;return g};a.o.Y=function(b,c,d){if(b){var e=c?a.o.ka:a.o.Da;c&&d&&(e+="?authuser="+d);a.s.Ua(b,a.o.oa+e)}};a.o.Ia=function(b,c,d,e,f,h,k){b=a.o.S(c,b,a.o.O.L,a.o.R.L,d,f,null,e);a.o.Y(b,h,k)};a.o.La=function(b,c,d,e,f,h,k){b=a.o.S(c,b,a.o.O.na,a.o.R.N,d,f,e,null);a.o.Y(b,h,k)};a.o.Qa=function(b,c,d,e,f,h,k,l,g,n){switch(c){case m.M:window.gbar.up.dpc(e,f);break;case m.G:window.gbar.up.spd(b,d,1,!0);break;case m.H:g=g||!1,l=l||"",h=h||0,k=k||a.o.C.I,n=n||0,a.o.Ia(e,h,k,f,l,g,n)}};a.o.Oa=function(b,c,d,e,f){return c==m.G?0<d&&a.o.V(b,c,e,f)>=d:!1};a.o.Ka=function(b,c,d,e,f,h,k,l,g,n){switch(c){case m.M:window.gbar.up.iic(e,f);break;case m.G:c=a.o.V(b,c,d,e)+1;window.gbar.up.spd(b,d,c.toString(),!0);break;case m.H:g=g||!1,l=l||"",h=h||0,k=k||a.o.C.P,n=n||0,a.o.La(e,h,k,1,l,g,n)}};a.o.Pa=function(b,c,d,e,f,h){b=a.o.S(c,b,a.o.O.pa,a.o.R.K,d,e,null,null);a.o.Y(b,f,h)};var p={Wa:"a",Za:"l",Xa:"c",ia:"d",K:"h",N:"i",jb:"n",I:"x",gb:"ma",hb:"mc",ib:"mi",$a:"pa",ab:"pc",cb:"pi",fb:"pn",eb:"px",bb:"pd",kb:"gpa",mb:"gpi",nb:"gpn",ob:"gpx",lb:"gpd"};a.i={};a.i.A={qa:"hplogo",za:"pmocntr2"};a.i.C={ya:"0",I:"1",ga:"2"};a.i.v=document.getElementById(a.i.A.za);a.i.ma=16;a.i.wa=2;a.i.xa=20;google.promos=google.promos||{};google.promos.toast=google.promos.toast||{};a.i.J=function(b){a.i.v&&(a.i.v.style.display=b?"":"none",a.i.v.parentNode&&(a.i.v.parentNode.style.position=b?"relative":""))};a.i.fa=function(b){try{if(a.i.v&&b&&b.es&&b.es.m){var c=window.gbar.rtl(document.body)?"left":"right";a.i.v.style[c]=b.es.m-a.i.ma+a.i.wa+"px";a.i.v.style.top=a.i.xa+"px"}}catch(d){google.ml(d,!1,{cause:a.i.w+"_PT"})}};google.promos.toast.cl=function(){try{a.i.T==m.H&&a.o.Pa(a.i.W,a.i.D,a.i.C.ga,a.i.$,a.i.X,a.i.Z),window.gbar.up.sl(a.i.D,a.i.w,p.K,a.i.U(),1)}catch(b){google.ml(b,!1,{cause:a.i.w+"_CL"})}};google.promos.toast.cpc=function(){try{a.i.v&&(a.i.J(!1),a.o.Qa(a.i.v,a.i.T,a.i.A.ba,a.i.W,a.i.Ga,a.i.D,a.i.C.I,a.i.$,a.i.X,a.i.Z),window.gbar.up.sl(a.i.D,a.i.w,p.ia,a.i.U(),1))}catch(b){google.ml(b,!1,{cause:a.i.w+"_CPC"})}};a.i.da=function(){try{if(a.i.v){var b=276,c=document.getElementById(a.i.A.qa);c&&(b=Math.max(b,c.offsetWidth));var d=parseInt(a.i.v.style.right,10)||0;a.i.v.style.visibility=2*(a.i.v.offsetWidth+d)+b>document.body.clientWidth?"hidden":""}}catch(e){google.ml(e,!1,{cause:a.i.w+"_HOSW"})}};a.i.Ea=function(){var b=["gpd","spd","aeh","sl"];if(!window.gbar||!window.gbar.up)return!1;for(var c=0,d;d=b[c];c++)if(!(d in window.gbar.up))return!1;return!0};a.i.Ma=function(){return a.i.v.currentStyle&&"absolute"!=a.i.v.currentStyle.position};google.promos.toast.init=function(b,c,d,e,f,h,k,l,g,n,q,r){try{if(!a.i.Ea())google.ml(Error("apa"),!1,{cause:a.i.w+"_INIT"});else if(a.i.v)if(e==m.H&&!l==!g)google.ml(Error("tku"),!1,{cause:"zwieback: "+g+", gaia: "+l}),a.i.J(!1);else if(a.i.A.F="toast_count_"+c+(q?"_"+q:""),a.i.A.ba="toast_dp_"+c+(r?"_"+r:""),a.i.w=d,a.i.D=b,a.i.T=e,a.i.W=c,a.i.Ga=f,a.i.$=l?l:g,a.i.X=!!l,a.i.Z=k,a.o.Na(a.i.v,e,a.i.A.ba,c)||a.o.Oa(a.i.v,e,h,a.i.A.F,c)||a.i.Ma())a.i.J(!1);else{a.o.Ka(a.i.v,e,a.i.A.F,c,f,a.i.D,a.i.C.ya,a.i.$,a.i.X,a.i.Z);if(!n){try{window.gbar.up.aeh(window,"resize",a.i.da)}catch(t){google.ml(t,!1,{cause:a.i.w+"_INIT_AEH"})}window.lol=a.i.da;window.gbar.elr&&a.i.fa(window.gbar.elr());window.gbar.elc&&window.gbar.elc(a.i.fa);a.i.J(!0)}window.gbar.up.sl(a.i.D,a.i.w,p.N,a.i.U())}}catch(u){google.ml(u,!1,{cause:a.i.w+"_INIT"})}};a.i.U=function(){var b=a.o.V(a.i.v,a.i.T,a.i.A.F,a.i.W);return"ic="+b};})();</script> <script type="text/javascript">(function(){var sourceWebappPromoID=141005;var sourceWebappGroupID=5;var payloadType=5;var cookieMaxAgeSec=2592000;var dismissalType=5;var impressionCap=25;var gaiaXsrfToken='';var zwbkXsrfToken='';var kansasDismissalEnabled=false;var sessionIndex=0;var invisible=false;window.gbar&&gbar.up&&gbar.up.r&&gbar.up.r(payloadType,function(show){if (show){google.promos.toast.init(sourceWebappPromoID,sourceWebappGroupID,payloadType,dismissalType,cookieMaxAgeSec,impressionCap,sessionIndex,gaiaXsrfToken,zwbkXsrfToken,invisible,'0612');}
});})();</script> </div> </span><br clear="all" id="lgpd"><div id="lga"><div style="padding:28px 0 3px"><div style="height:110px;width:276px;background:url(/images/srpr/logo9w.png) no-repeat" title="Google" align="left" id="hplogo" onload="window.lol&&lol()"><div style="color:#777;font-size:16px;font-weight:bold;position:relative;top:70px;left:218px" nowrap="">Deutschland</div></div></div><br></div><form action="/search" name="f"><table cellpadding="0" cellspacing="0"><tr valign="top"><td width="25%">&nbsp;</td><td align="center" nowrap=""><input name="ie" value="ISO-8859-1" type="hidden"><input value="de" name="hl" type="hidden"><input name="source" type="hidden" value="hp"><input name="biw" type="hidden"><input name="bih" type="hidden"><div class="ds" style="height:32px;margin:4px 0"><input style="color:#000;margin:0;padding:5px 8px 0 6px;vertical-align:top" autocomplete="off" class="lst" value="" title="Google-Suche" maxlength="2048" name="q" size="57"></div><br style="line-height:0"><span class="ds"><span class="lsbb"><input class="lsb" value="Google-Suche" name="btnG" type="submit"></span></span><span class="ds"><span class="lsbb"><input class="lsb" value="Auf gut Glück!" name="btnI" onclick="if(this.form.q.value)this.checked=1; else top.location='/doodles/'" type="submit"></span></span></td><td class="fl sblc" align="left" nowrap="" width="25%"><a href="/advanced_search?hl=de&amp;authuser=0">Erweiterte Suche</a><a href="/language_tools?hl=de&amp;authuser=0">Sprachoptionen</a></td></tr></table><input id="gbv" name="gbv" type="hidden" value="1"></form><div id="gac_scont"></div><div style="font-size:83%;min-height:3.5em"><br></div><span id="footer"><div style="font-size:10pt"><div style="margin:19px auto;text-align:center" id="fll"><a href="/intl/de/ads/">Werben mit Google</a><a href="/services/">Unternehmensangebote</a><a href="https://plus.google.com/117570067846637741468" rel="publisher">+Google</a><a href="/intl/de/about.html">Über Google</a><a href="http://www.google.de/setprefdomain?prefdom=US&amp;sig=__rgqrRbZFFl5lqq-Q6lzaeAdqSxw%3D" id="fehl">Google.com</a></div></div><p style="color:#767676;font-size:8pt">&copy; 2015 - <a href="/intl/de/policies/privacy/">Datenschutzerklärung</a> - <a href="/intl/de/policies/terms/">Nutzungsbedingungen</a></p></span></center><script>(function(){window.google.cdo={height:0,width:0};(function(){var a=window.innerWidth,b=window.innerHeight;if(!a||!b)var c=window.document,d="CSS1Compat"==c.compatMode?c.documentElement:c.body,a=d.clientWidth,b=d.clientHeight;a&&b&&(a!=google.cdo.width||b!=google.cdo.height)&&google.log("","","/client_204?&atyp=i&biw="+a+"&bih="+b+"&ei="+google.kEI);})();})();</script><div id="xjsd"></div><div id="xjsi" data-jiis="bp"><script>(function(){function c(b){window.setTimeout(function(){var a=document.createElement("script");a.src=b;document.getElementById("xjsd").appendChild(a)},0)}google.dljp=function(b,a){google.xjsu=b;c(a)};google.dlj=c;})();(function(){window.google.xjsrm=[];})();if(google.y)google.y.first=[];if(!google.xjs){window._=window._||{};window._._DumpException=function(e){throw e};if(google.timers&&google.timers.load.t){google.timers.load.t.xjsls=new Date().getTime();}google.dljp('/xjs/_/js/k\x3dxjs.hp.en_US.AoRQ2stILnE.O/m\x3dsb_he,d/rt\x3dj/d\x3d1/t\x3dzcms/rs\x3dACT90oHDaKKPYXmDlcyGXC9LRBJZmZy4DA','/xjs/_/js/k\x3dxjs.hp.en_US.AoRQ2stILnE.O/m\x3dsb_he,d/rt\x3dj/d\x3d1/t\x3dzcms/rs\x3dACT90oHDaKKPYXmDlcyGXC9LRBJZmZy4DA');google.xjs=1;}google.pmc={"sb_he":{"agen":true,"cgen":true,"client":"heirloom-hp","dh":true,"ds":"","fl":true,"host":"google.de","jam":0,"jsonp":true,"lm":true,"msgs":{"cibl":"Suche löschen","dym":"Meinten Sie:","lcky":"Auf gut Glück!","lml":"Weitere Informationen","oskt":"Eingabetools","psrc":"Diese Suchanfrage wurde aus Ihrem \u003Ca href=\"/history\"\u003EWebprotokoll\u003C/a\u003E entfernt.","psrl":"Entfernen","sbit":"Bildersuche","srch":"Google-Suche"},"ovr":{},"pq":"","refoq":true,"refpd":true,"rfs":[],"scd":10,"sce":5,"stok":"rrzHB9n2JH6tXrF2FHsa7dOo2l8"},"d":{}};google.y.first.push(function(){if(google.med){google.med('init');google.initHistory();google.med('history');}});if(google.j&&google.j.en&&google.j.xi){window.setTimeout(google.j.xi,0);}
</script></div></body></html>
]]></system-out>
  <system-err><![CDATA[]]></system-err>
</testsuite>
